The system is: Darwin - 14.3.0 - x86_64
Compiling the C compiler identification source file "CMakeCCompilerId.c" succeeded.
Compiler:  
Build flags: 
Id flags: 

The output was:
0
2015-05-16 14:20:13.500 xcodebuild[4119:378438]  DVTAssertions: Warning in /SourceCache/DVTiOSFrameworks/DVTiOSFrameworks-7536/DTDeviceKitBase/DTDKRemoteDeviceDataListener.m:79
Details:  Running against an old version of MobileDevice; some interaction with proxied devices may be unavailable.
Object:   <DTDKRemoteDeviceDataListener: 0x7fea8ca97b30>
Method:   -listenerThreadImplementation
Thread:   <NSThread: 0x7fea8cacc6b0>{number = 2, name = (null)}
Please file a bug at http://bugreport.apple.com with this warning message and any useful information you can provide.
=== BUILD TARGET CompilerIdC OF PROJECT CompilerIdC WITH THE DEFAULT CONFIGURATION (Debug) ===

Check dependencies

Write auxiliary files
/bin/mkdir -p /Users/sunardi/Dropbox/SUTD\ Class/Term\ 8/Computational\ Fabrication/PA/A1/CMakeFiles/3.0.2/CompilerIdC/CompilerIdC.build/Debug/CompilerIdC.build
write-file /Users/sunardi/Dropbox/SUTD\ Class/Term\ 8/Computational\ Fabrication/PA/A1/CMakeFiles/3.0.2/CompilerIdC/CompilerIdC.build/Debug/CompilerIdC.build/CompilerIdC-project-headers.hmap
/bin/mkdir -p /Users/sunardi/Dropbox/SUTD\ Class/Term\ 8/Computational\ Fabrication/PA/A1/CMakeFiles/3.0.2/CompilerIdC/CompilerIdC.build/Debug/CompilerIdC.build/Objects-normal/i386
write-file /Users/sunardi/Dropbox/SUTD\ Class/Term\ 8/Computational\ Fabrication/PA/A1/CMakeFiles/3.0.2/CompilerIdC/CompilerIdC.build/Debug/CompilerIdC.build/Objects-normal/i386/CompilerIdC.LinkFileList
write-file /Users/sunardi/Dropbox/SUTD\ Class/Term\ 8/Computational\ Fabrication/PA/A1/CMakeFiles/3.0.2/CompilerIdC/CompilerIdC.build/Debug/CompilerIdC.build/CompilerIdC-generated-files.hmap
write-file /Users/sunardi/Dropbox/SUTD\ Class/Term\ 8/Computational\ Fabrication/PA/A1/CMakeFiles/3.0.2/CompilerIdC/CompilerIdC.build/Debug/CompilerIdC.build/CompilerIdC-all-target-headers.hmap
write-file /Users/sunardi/Dropbox/SUTD\ Class/Term\ 8/Computational\ Fabrication/PA/A1/CMakeFiles/3.0.2/CompilerIdC/CompilerIdC.build/Debug/CompilerIdC.build/Script-2C8FEB8E15DC1A1A00E56A5D.sh
chmod 0755 /Users/sunardi/Dropbox/SUTD\ Class/Term\ 8/Computational\ Fabrication/PA/A1/CMakeFiles/3.0.2/CompilerIdC/CompilerIdC.build/Debug/CompilerIdC.build/Script-2C8FEB8E15DC1A1A00E56A5D.sh
write-file /Users/sunardi/Dropbox/SUTD\ Class/Term\ 8/Computational\ Fabrication/PA/A1/CMakeFiles/3.0.2/CompilerIdC/CompilerIdC.build/Debug/CompilerIdC.build/CompilerIdC.hmap
write-file /Users/sunardi/Dropbox/SUTD\ Class/Term\ 8/Computational\ Fabrication/PA/A1/CMakeFiles/3.0.2/CompilerIdC/CompilerIdC.build/Debug/CompilerIdC.build/CompilerIdC-all-non-framework-target-headers.hmap
write-file /Users/sunardi/Dropbox/SUTD\ Class/Term\ 8/Computational\ Fabrication/PA/A1/CMakeFiles/3.0.2/CompilerIdC/CompilerIdC.build/Debug/CompilerIdC.build/CompilerIdC-own-target-headers.hmap

CompileC CompilerIdC.build/Debug/CompilerIdC.build/Objects-normal/i386/CMakeCCompilerId.o CMakeCCompilerId.c normal i386 c com.apple.compilers.llvm.clang.1_0.compiler
    cd "/Users/sunardi/Dropbox/SUTD Class/Term 8/Computational Fabrication/PA/A1/CMakeFiles/3.0.2/CompilerIdC"
    export LANG=en_US.US-ASCII
    /Applications/Xcode.app/Contents/Developer/Toolchains/XcodeDefault.xctoolchain/usr/bin/clang -x c -arch i386 -fmessage-length=0 -fdiagnostics-show-note-include-stack -fmacro-backtrace-limit=0 -Wno-trigraphs -fpascal-strings -Os -Wno-missing-field-initializers -Wno-missing-prototypes -Wno-return-type -Wno-missing-braces -Wparentheses -Wswitch -Wno-unused-function -Wno-unused-label -Wno-unused-parameter -Wno-unused-variable -Wunused-value -Wno-empty-body -Wno-uninitialized -Wno-unknown-pragmas -Wno-shadow -Wno-four-char-constants -Wno-conversion -Wno-constant-conversion -Wno-int-conversion -Wno-bool-conversion -Wno-enum-conversion -Wno-shorten-64-to-32 -Wpointer-sign -Wno-newline-eof -isysroot /Applications/Xcode.app/Contents/Developer/Platforms/MacOSX.platform/Developer/SDKs/MacOSX10.10.sdk -fasm-blocks -fstrict-aliasing -Wdeprecated-declarations -mmacosx-version-min=10.10 -g -fvisibility=hidden -Wno-sign-conversion -I/Users/sunardi/Dropbox/SUTD\ Class/Term\ 8/Computational\ Fabrication/PA/A1/CMakeFiles/3.0.2/CompilerIdC/CompilerIdC.build/Debug/CompilerIdC.build/CompilerIdC.hmap -I/Users/sunardi/Dropbox/SUTD\ Class/Term\ 8/Computational\ Fabrication/PA/A1/CMakeFiles/3.0.2/CompilerIdC/include -I/Applications/Xcode.app/Contents/Developer/Toolchains/XcodeDefault.xctoolchain/usr/include -I/Users/sunardi/Dropbox/SUTD\ Class/Term\ 8/Computational\ Fabrication/PA/A1/CMakeFiles/3.0.2/CompilerIdC/CompilerIdC.build/Debug/CompilerIdC.build/DerivedSources/i386 -I/Users/sunardi/Dropbox/SUTD\ Class/Term\ 8/Computational\ Fabrication/PA/A1/CMakeFiles/3.0.2/CompilerIdC/CompilerIdC.build/Debug/CompilerIdC.build/DerivedSources -F/Users/sunardi/Dropbox/SUTD\ Class/Term\ 8/Computational\ Fabrication/PA/A1/CMakeFiles/3.0.2/CompilerIdC -MMD -MT dependencies -MF /Users/sunardi/Dropbox/SUTD\ Class/Term\ 8/Computational\ Fabrication/PA/A1/CMakeFiles/3.0.2/CompilerIdC/CompilerIdC.build/Debug/CompilerIdC.build/Objects-normal/i386/CMakeCCompilerId.d --serialize-diagnostics /Users/sunardi/Dropbox/SUTD\ Class/Term\ 8/Computational\ Fabrication/PA/A1/CMakeFiles/3.0.2/CompilerIdC/CompilerIdC.build/Debug/CompilerIdC.build/Objects-normal/i386/CMakeCCompilerId.dia -c /Users/sunardi/Dropbox/SUTD\ Class/Term\ 8/Computational\ Fabrication/PA/A1/CMakeFiles/3.0.2/CompilerIdC/CMakeCCompilerId.c -o /Users/sunardi/Dropbox/SUTD\ Class/Term\ 8/Computational\ Fabrication/PA/A1/CMakeFiles/3.0.2/CompilerIdC/CompilerIdC.build/Debug/CompilerIdC.build/Objects-normal/i386/CMakeCCompilerId.o

Ld CompilerIdC normal i386
    cd "/Users/sunardi/Dropbox/SUTD Class/Term 8/Computational Fabrication/PA/A1/CMakeFiles/3.0.2/CompilerIdC"
    export MACOSX_DEPLOYMENT_TARGET=10.10
    /Applications/Xcode.app/Contents/Developer/Toolchains/XcodeDefault.xctoolchain/usr/bin/clang -arch i386 -isysroot /Applications/Xcode.app/Contents/Developer/Platforms/MacOSX.platform/Developer/SDKs/MacOSX10.10.sdk -L/Users/sunardi/Dropbox/SUTD\ Class/Term\ 8/Computational\ Fabrication/PA/A1/CMakeFiles/3.0.2/CompilerIdC -F/Users/sunardi/Dropbox/SUTD\ Class/Term\ 8/Computational\ Fabrication/PA/A1/CMakeFiles/3.0.2/CompilerIdC -filelist /Users/sunardi/Dropbox/SUTD\ Class/Term\ 8/Computational\ Fabrication/PA/A1/CMakeFiles/3.0.2/CompilerIdC/CompilerIdC.build/Debug/CompilerIdC.build/Objects-normal/i386/CompilerIdC.LinkFileList -mmacosx-version-min=10.10 -Xlinker -dependency_info -Xlinker /Users/sunardi/Dropbox/SUTD\ Class/Term\ 8/Computational\ Fabrication/PA/A1/CMakeFiles/3.0.2/CompilerIdC/CompilerIdC.build/Debug/CompilerIdC.build/Objects-normal/i386/CompilerIdC_dependency_info.dat -o /Users/sunardi/Dropbox/SUTD\ Class/Term\ 8/Computational\ Fabrication/PA/A1/CMakeFiles/3.0.2/CompilerIdC/CompilerIdC

PhaseScriptExecution Run\ Script CompilerIdC.build/Debug/CompilerIdC.build/Script-2C8FEB8E15DC1A1A00E56A5D.sh
    cd "/Users/sunardi/Dropbox/SUTD Class/Term 8/Computational Fabrication/PA/A1/CMakeFiles/3.0.2/CompilerIdC"
    /bin/sh -c \"/Users/sunardi/Dropbox/SUTD\ Class/Term\ 8/Computational\ Fabrication/PA/A1/CMakeFiles/3.0.2/CompilerIdC/CompilerIdC.build/Debug/CompilerIdC.build/Script-2C8FEB8E15DC1A1A00E56A5D.sh\"
GCC_VERSION=com.apple.compilers.llvm.clang.1_0

** BUILD SUCCEEDED **



Compilation of the C compiler identification source "CMakeCCompilerId.c" produced "CompilerIdC"

The C compiler identification is AppleClang, found in "/Users/sunardi/Term8/Computational Fabrication/PA/A1/CMakeFiles/3.0.2/CompilerIdC/CompilerIdC"

Compiling the CXX compiler identification source file "CMakeCXXCompilerId.cpp" succeeded.
Compiler:  
Build flags: 
Id flags: 

The output was:
0
2015-05-16 14:20:16.117 xcodebuild[4131:378504]  DVTAssertions: Warning in /SourceCache/DVTiOSFrameworks/DVTiOSFrameworks-7536/DTDeviceKitBase/DTDKRemoteDeviceDataListener.m:79
Details:  Running against an old version of MobileDevice; some interaction with proxied devices may be unavailable.
Object:   <DTDKRemoteDeviceDataListener: 0x7fdf4483b220>
Method:   -listenerThreadImplementation
Thread:   <NSThread: 0x7fdf4483dd30>{number = 2, name = (null)}
Please file a bug at http://bugreport.apple.com with this warning message and any useful information you can provide.
=== BUILD TARGET CompilerIdCXX OF PROJECT CompilerIdCXX WITH THE DEFAULT CONFIGURATION (Debug) ===

Check dependencies

Write auxiliary files
/bin/mkdir -p /Users/sunardi/Dropbox/SUTD\ Class/Term\ 8/Computational\ Fabrication/PA/A1/CMakeFiles/3.0.2/CompilerIdCXX/CompilerIdCXX.build/Debug/CompilerIdCXX.build
write-file /Users/sunardi/Dropbox/SUTD\ Class/Term\ 8/Computational\ Fabrication/PA/A1/CMakeFiles/3.0.2/CompilerIdCXX/CompilerIdCXX.build/Debug/CompilerIdCXX.build/CompilerIdCXX-project-headers.hmap
write-file /Users/sunardi/Dropbox/SUTD\ Class/Term\ 8/Computational\ Fabrication/PA/A1/CMakeFiles/3.0.2/CompilerIdCXX/CompilerIdCXX.build/Debug/CompilerIdCXX.build/CompilerIdCXX-all-target-headers.hmap
write-file /Users/sunardi/Dropbox/SUTD\ Class/Term\ 8/Computational\ Fabrication/PA/A1/CMakeFiles/3.0.2/CompilerIdCXX/CompilerIdCXX.build/Debug/CompilerIdCXX.build/CompilerIdCXX-own-target-headers.hmap
write-file /Users/sunardi/Dropbox/SUTD\ Class/Term\ 8/Computational\ Fabrication/PA/A1/CMakeFiles/3.0.2/CompilerIdCXX/CompilerIdCXX.build/Debug/CompilerIdCXX.build/CompilerIdCXX.hmap
write-file /Users/sunardi/Dropbox/SUTD\ Class/Term\ 8/Computational\ Fabrication/PA/A1/CMakeFiles/3.0.2/CompilerIdCXX/CompilerIdCXX.build/Debug/CompilerIdCXX.build/CompilerIdCXX-all-non-framework-target-headers.hmap
write-file /Users/sunardi/Dropbox/SUTD\ Class/Term\ 8/Computational\ Fabrication/PA/A1/CMakeFiles/3.0.2/CompilerIdCXX/CompilerIdCXX.build/Debug/CompilerIdCXX.build/Script-2C8FEB8E15DC1A1A00E56A5D.sh
chmod 0755 /Users/sunardi/Dropbox/SUTD\ Class/Term\ 8/Computational\ Fabrication/PA/A1/CMakeFiles/3.0.2/CompilerIdCXX/CompilerIdCXX.build/Debug/CompilerIdCXX.build/Script-2C8FEB8E15DC1A1A00E56A5D.sh
write-file /Users/sunardi/Dropbox/SUTD\ Class/Term\ 8/Computational\ Fabrication/PA/A1/CMakeFiles/3.0.2/CompilerIdCXX/CompilerIdCXX.build/Debug/CompilerIdCXX.build/CompilerIdCXX-generated-files.hmap
/bin/mkdir -p /Users/sunardi/Dropbox/SUTD\ Class/Term\ 8/Computational\ Fabrication/PA/A1/CMakeFiles/3.0.2/CompilerIdCXX/CompilerIdCXX.build/Debug/CompilerIdCXX.build/Objects-normal/i386
write-file /Users/sunardi/Dropbox/SUTD\ Class/Term\ 8/Computational\ Fabrication/PA/A1/CMakeFiles/3.0.2/CompilerIdCXX/CompilerIdCXX.build/Debug/CompilerIdCXX.build/Objects-normal/i386/CompilerIdCXX.LinkFileList

CompileC CompilerIdCXX.build/Debug/CompilerIdCXX.build/Objects-normal/i386/CMakeCXXCompilerId.o CMakeCXXCompilerId.cpp normal i386 c++ com.apple.compilers.llvm.clang.1_0.compiler
    cd "/Users/sunardi/Dropbox/SUTD Class/Term 8/Computational Fabrication/PA/A1/CMakeFiles/3.0.2/CompilerIdCXX"
    export LANG=en_US.US-ASCII
    /Applications/Xcode.app/Contents/Developer/Toolchains/XcodeDefault.xctoolchain/usr/bin/clang -x c++ -arch i386 -fmessage-length=0 -fdiagnostics-show-note-include-stack -fmacro-backtrace-limit=0 -Wno-trigraphs -fpascal-strings -Os -Wno-missing-field-initializers -Wno-missing-prototypes -Wno-return-type -Wno-non-virtual-dtor -Wno-overloaded-virtual -Wno-exit-time-destructors -Wno-missing-braces -Wparentheses -Wswitch -Wno-unused-function -Wno-unused-label -Wno-unused-parameter -Wno-unused-variable -Wunused-value -Wno-empty-body -Wno-uninitialized -Wno-unknown-pragmas -Wno-shadow -Wno-four-char-constants -Wno-conversion -Wno-constant-conversion -Wno-int-conversion -Wno-bool-conversion -Wno-enum-conversion -Wno-shorten-64-to-32 -Wno-newline-eof -Wno-c++11-extensions -isysroot /Applications/Xcode.app/Contents/Developer/Platforms/MacOSX.platform/Developer/SDKs/MacOSX10.10.sdk -fasm-blocks -fstrict-aliasing -Wdeprecated-declarations -Winvalid-offsetof -mmacosx-version-min=10.10 -g -fvisibility=hidden -fvisibility-inlines-hidden -Wno-sign-conversion -I/Users/sunardi/Dropbox/SUTD\ Class/Term\ 8/Computational\ Fabrication/PA/A1/CMakeFiles/3.0.2/CompilerIdCXX/CompilerIdCXX.build/Debug/CompilerIdCXX.build/CompilerIdCXX.hmap -I/Users/sunardi/Dropbox/SUTD\ Class/Term\ 8/Computational\ Fabrication/PA/A1/CMakeFiles/3.0.2/CompilerIdCXX/include -I/Applications/Xcode.app/Contents/Developer/Toolchains/XcodeDefault.xctoolchain/usr/include -I/Users/sunardi/Dropbox/SUTD\ Class/Term\ 8/Computational\ Fabrication/PA/A1/CMakeFiles/3.0.2/CompilerIdCXX/CompilerIdCXX.build/Debug/CompilerIdCXX.build/DerivedSources/i386 -I/Users/sunardi/Dropbox/SUTD\ Class/Term\ 8/Computational\ Fabrication/PA/A1/CMakeFiles/3.0.2/CompilerIdCXX/CompilerIdCXX.build/Debug/CompilerIdCXX.build/DerivedSources -F/Users/sunardi/Dropbox/SUTD\ Class/Term\ 8/Computational\ Fabrication/PA/A1/CMakeFiles/3.0.2/CompilerIdCXX -MMD -MT dependencies -MF /Users/sunardi/Dropbox/SUTD\ Class/Term\ 8/Computational\ Fabrication/PA/A1/CMakeFiles/3.0.2/CompilerIdCXX/CompilerIdCXX.build/Debug/CompilerIdCXX.build/Objects-normal/i386/CMakeCXXCompilerId.d --serialize-diagnostics /Users/sunardi/Dropbox/SUTD\ Class/Term\ 8/Computational\ Fabrication/PA/A1/CMakeFiles/3.0.2/CompilerIdCXX/CompilerIdCXX.build/Debug/CompilerIdCXX.build/Objects-normal/i386/CMakeCXXCompilerId.dia -c /Users/sunardi/Dropbox/SUTD\ Class/Term\ 8/Computational\ Fabrication/PA/A1/CMakeFiles/3.0.2/CompilerIdCXX/CMakeCXXCompilerId.cpp -o /Users/sunardi/Dropbox/SUTD\ Class/Term\ 8/Computational\ Fabrication/PA/A1/CMakeFiles/3.0.2/CompilerIdCXX/CompilerIdCXX.build/Debug/CompilerIdCXX.build/Objects-normal/i386/CMakeCXXCompilerId.o

Ld CompilerIdCXX normal i386
    cd "/Users/sunardi/Dropbox/SUTD Class/Term 8/Computational Fabrication/PA/A1/CMakeFiles/3.0.2/CompilerIdCXX"
    export MACOSX_DEPLOYMENT_TARGET=10.10
    /Applications/Xcode.app/Contents/Developer/Toolchains/XcodeDefault.xctoolchain/usr/bin/clang++ -arch i386 -isysroot /Applications/Xcode.app/Contents/Developer/Platforms/MacOSX.platform/Developer/SDKs/MacOSX10.10.sdk -L/Users/sunardi/Dropbox/SUTD\ Class/Term\ 8/Computational\ Fabrication/PA/A1/CMakeFiles/3.0.2/CompilerIdCXX -F/Users/sunardi/Dropbox/SUTD\ Class/Term\ 8/Computational\ Fabrication/PA/A1/CMakeFiles/3.0.2/CompilerIdCXX -filelist /Users/sunardi/Dropbox/SUTD\ Class/Term\ 8/Computational\ Fabrication/PA/A1/CMakeFiles/3.0.2/CompilerIdCXX/CompilerIdCXX.build/Debug/CompilerIdCXX.build/Objects-normal/i386/CompilerIdCXX.LinkFileList -mmacosx-version-min=10.10 -Xlinker -dependency_info -Xlinker /Users/sunardi/Dropbox/SUTD\ Class/Term\ 8/Computational\ Fabrication/PA/A1/CMakeFiles/3.0.2/CompilerIdCXX/CompilerIdCXX.build/Debug/CompilerIdCXX.build/Objects-normal/i386/CompilerIdCXX_dependency_info.dat -o /Users/sunardi/Dropbox/SUTD\ Class/Term\ 8/Computational\ Fabrication/PA/A1/CMakeFiles/3.0.2/CompilerIdCXX/CompilerIdCXX

PhaseScriptExecution Run\ Script CompilerIdCXX.build/Debug/CompilerIdCXX.build/Script-2C8FEB8E15DC1A1A00E56A5D.sh
    cd "/Users/sunardi/Dropbox/SUTD Class/Term 8/Computational Fabrication/PA/A1/CMakeFiles/3.0.2/CompilerIdCXX"
    /bin/sh -c \"/Users/sunardi/Dropbox/SUTD\ Class/Term\ 8/Computational\ Fabrication/PA/A1/CMakeFiles/3.0.2/CompilerIdCXX/CompilerIdCXX.build/Debug/CompilerIdCXX.build/Script-2C8FEB8E15DC1A1A00E56A5D.sh\"
GCC_VERSION=com.apple.compilers.llvm.clang.1_0

** BUILD SUCCEEDED **



Compilation of the CXX compiler identification source "CMakeCXXCompilerId.cpp" produced "CompilerIdCXX"

The CXX compiler identification is AppleClang, found in "/Users/sunardi/Term8/Computational Fabrication/PA/A1/CMakeFiles/3.0.2/CompilerIdCXX/CompilerIdCXX"

Determining if the C compiler works passed with the following output:
Change Dir: /Users/sunardi/Term8/Computational Fabrication/PA/A1/CMakeFiles/CMakeTmp

Run Build Command:"/opt/local/bin/cmakexbuild" "-project" "CMAKE_TRY_COMPILE.xcodeproj" "build" "-target" "cmTryCompileExec2296850998" "-configuration" "Debug"
2015-05-16 14:20:16.772 xcodebuild[4148:378556]  DVTAssertions: Warning in /SourceCache/DVTiOSFrameworks/DVTiOSFrameworks-7536/DTDeviceKitBase/DTDKRemoteDeviceDataListener.m:79
Details:  Running against an old version of MobileDevice; some interaction with proxied devices may be unavailable.
Object:   <DTDKRemoteDeviceDataListener: 0x7f80e2501a20>
Method:   -listenerThreadImplementation
Thread:   <NSThread: 0x7f80e3e35940>{number = 2, name = (null)}
Please file a bug at http://bugreport.apple.com with this warning message and any useful information you can provide.
=== BUILD TARGET cmTryCompileExec2296850998 OF PROJECT CMAKE_TRY_COMPILE WITH CONFIGURATION Debug ===

Check dependencies

Write auxiliary files
/bin/mkdir -p /Users/sunardi/Term8/Computational\ Fabrication/PA/A1/CMakeFiles/CMakeTmp/CMAKE_TRY_COMPILE.build/Debug/cmTryCompileExec2296850998.build/Objects-normal/x86_64
write-file /Users/sunardi/Term8/Computational\ Fabrication/PA/A1/CMakeFiles/CMakeTmp/CMAKE_TRY_COMPILE.build/Debug/cmTryCompileExec2296850998.build/Objects-normal/x86_64/cmTryCompileExec2296850998.LinkFileList

CompileC /Users/sunardi/Term8/Computational\ Fabrication/PA/A1/CMakeFiles/CMakeTmp/CMAKE_TRY_COMPILE.build/Debug/cmTryCompileExec2296850998.build/Objects-normal/x86_64/testCCompiler.o testCCompiler.c normal x86_64 c com.apple.compilers.llvm.clang.1_0.compiler
    cd "/Users/sunardi/Dropbox/SUTD Class/Term 8/Computational Fabrication/PA/A1/CMakeFiles/CMakeTmp"
    export LANG=en_US.US-ASCII
    /Applications/Xcode.app/Contents/Developer/Toolchains/XcodeDefault.xctoolchain/usr/bin/clang -x c -arch x86_64 -fmessage-length=0 -fdiagnostics-show-note-include-stack -fmacro-backtrace-limit=0 -Wno-trigraphs -fpascal-strings -O0 -Wno-missing-field-initializers -Wno-missing-prototypes -Wno-return-type -Wno-missing-braces -Wparentheses -Wswitch -Wno-unused-function -Wno-unused-label -Wno-unused-parameter -Wno-unused-variable -Wunused-value -Wno-empty-body -Wno-uninitialized -Wno-unknown-pragmas -Wno-shadow -Wno-four-char-constants -Wno-conversion -Wno-constant-conversion -Wno-int-conversion -Wno-bool-conversion -Wno-enum-conversion -Wno-shorten-64-to-32 -Wpointer-sign -Wno-newline-eof -DCMAKE_INTDIR=\"Debug\" -isysroot /Applications/Xcode.app/Contents/Developer/Platforms/MacOSX.platform/Developer/SDKs/MacOSX10.10.sdk -fasm-blocks -fstrict-aliasing -Wdeprecated-declarations -mmacosx-version-min=10.10 -g -Wno-sign-conversion -I/Users/sunardi/Term8/Computational\ Fabrication/PA/A1/CMakeFiles/CMakeTmp/Debug/include -I/Applications/Xcode.app/Contents/Developer/Toolchains/XcodeDefault.xctoolchain/usr/include -I/Users/sunardi/Term8/Computational\ Fabrication/PA/A1/CMakeFiles/CMakeTmp/CMAKE_TRY_COMPILE.build/Debug/cmTryCompileExec2296850998.build/DerivedSources/x86_64 -I/Users/sunardi/Term8/Computational\ Fabrication/PA/A1/CMakeFiles/CMakeTmp/CMAKE_TRY_COMPILE.build/Debug/cmTryCompileExec2296850998.build/DerivedSources -Wmost -Wno-four-char-constants -Wno-unknown-pragmas -F/Users/sunardi/Term8/Computational\ Fabrication/PA/A1/CMakeFiles/CMakeTmp/Debug -MMD -MT dependencies -MF /Users/sunardi/Term8/Computational\ Fabrication/PA/A1/CMakeFiles/CMakeTmp/CMAKE_TRY_COMPILE.build/Debug/cmTryCompileExec2296850998.build/Objects-normal/x86_64/testCCompiler.d --serialize-diagnostics /Users/sunardi/Term8/Computational\ Fabrication/PA/A1/CMakeFiles/CMakeTmp/CMAKE_TRY_COMPILE.build/Debug/cmTryCompileExec2296850998.build/Objects-normal/x86_64/testCCompiler.dia -c /Users/sunardi/Dropbox/SUTD\ Class/Term\ 8/Computational\ Fabrication/PA/A1/CMakeFiles/CMakeTmp/testCCompiler.c -o /Users/sunardi/Term8/Computational\ Fabrication/PA/A1/CMakeFiles/CMakeTmp/CMAKE_TRY_COMPILE.build/Debug/cmTryCompileExec2296850998.build/Objects-normal/x86_64/testCCompiler.o

Ld /Users/sunardi/Term8/Computational\ Fabrication/PA/A1/CMakeFiles/CMakeTmp/Debug/cmTryCompileExec2296850998 normal x86_64
    cd "/Users/sunardi/Dropbox/SUTD Class/Term 8/Computational Fabrication/PA/A1/CMakeFiles/CMakeTmp"
    export MACOSX_DEPLOYMENT_TARGET=10.10
    /Applications/Xcode.app/Contents/Developer/Toolchains/XcodeDefault.xctoolchain/usr/bin/clang -arch x86_64 -isysroot /Applications/Xcode.app/Contents/Developer/Platforms/MacOSX.platform/Developer/SDKs/MacOSX10.10.sdk -L/Users/sunardi/Term8/Computational\ Fabrication/PA/A1/CMakeFiles/CMakeTmp/Debug -F/Users/sunardi/Term8/Computational\ Fabrication/PA/A1/CMakeFiles/CMakeTmp/Debug -filelist /Users/sunardi/Term8/Computational\ Fabrication/PA/A1/CMakeFiles/CMakeTmp/CMAKE_TRY_COMPILE.build/Debug/cmTryCompileExec2296850998.build/Objects-normal/x86_64/cmTryCompileExec2296850998.LinkFileList -mmacosx-version-min=10.10 -Wl,-search_paths_first -Wl,-headerpad_max_install_names -Xlinker -dependency_info -Xlinker /Users/sunardi/Term8/Computational\ Fabrication/PA/A1/CMakeFiles/CMakeTmp/CMAKE_TRY_COMPILE.build/Debug/cmTryCompileExec2296850998.build/Objects-normal/x86_64/cmTryCompileExec2296850998_dependency_info.dat -o /Users/sunardi/Term8/Computational\ Fabrication/PA/A1/CMakeFiles/CMakeTmp/Debug/cmTryCompileExec2296850998

** BUILD SUCCEEDED **



Determining if the CXX compiler works passed with the following output:
Change Dir: /Users/sunardi/Term8/Computational Fabrication/PA/A1/CMakeFiles/CMakeTmp

Run Build Command:"/opt/local/bin/cmakexbuild" "-project" "CMAKE_TRY_COMPILE.xcodeproj" "build" "-target" "cmTryCompileExec542299364" "-configuration" "Debug"
2015-05-16 14:20:17.592 xcodebuild[4174:378631]  DVTAssertions: Warning in /SourceCache/DVTiOSFrameworks/DVTiOSFrameworks-7536/DTDeviceKitBase/DTDKRemoteDeviceDataListener.m:79
Details:  Running against an old version of MobileDevice; some interaction with proxied devices may be unavailable.
Object:   <DTDKRemoteDeviceDataListener: 0x7ff01bf6ead0>
Method:   -listenerThreadImplementation
Thread:   <NSThread: 0x7ff01bf813b0>{number = 2, name = (null)}
Please file a bug at http://bugreport.apple.com with this warning message and any useful information you can provide.
=== BUILD TARGET cmTryCompileExec542299364 OF PROJECT CMAKE_TRY_COMPILE WITH CONFIGURATION Debug ===

Check dependencies

Write auxiliary files
/bin/mkdir -p /Users/sunardi/Term8/Computational\ Fabrication/PA/A1/CMakeFiles/CMakeTmp/CMAKE_TRY_COMPILE.build/Debug/cmTryCompileExec542299364.build/Objects-normal/x86_64
write-file /Users/sunardi/Term8/Computational\ Fabrication/PA/A1/CMakeFiles/CMakeTmp/CMAKE_TRY_COMPILE.build/Debug/cmTryCompileExec542299364.build/Objects-normal/x86_64/cmTryCompileExec542299364.LinkFileList

CompileC /Users/sunardi/Term8/Computational\ Fabrication/PA/A1/CMakeFiles/CMakeTmp/CMAKE_TRY_COMPILE.build/Debug/cmTryCompileExec542299364.build/Objects-normal/x86_64/testCXXCompiler.o testCXXCompiler.cxx normal x86_64 c++ com.apple.compilers.llvm.clang.1_0.compiler
    cd "/Users/sunardi/Dropbox/SUTD Class/Term 8/Computational Fabrication/PA/A1/CMakeFiles/CMakeTmp"
    export LANG=en_US.US-ASCII
    /Applications/Xcode.app/Contents/Developer/Toolchains/XcodeDefault.xctoolchain/usr/bin/clang -x c++ -arch x86_64 -fmessage-length=0 -fdiagnostics-show-note-include-stack -fmacro-backtrace-limit=0 -Wno-trigraphs -fpascal-strings -O0 -Wno-missing-field-initializers -Wno-missing-prototypes -Wno-return-type -Wno-non-virtual-dtor -Wno-overloaded-virtual -Wno-exit-time-destructors -Wno-missing-braces -Wparentheses -Wswitch -Wno-unused-function -Wno-unused-label -Wno-unused-parameter -Wno-unused-variable -Wunused-value -Wno-empty-body -Wno-uninitialized -Wno-unknown-pragmas -Wno-shadow -Wno-four-char-constants -Wno-conversion -Wno-constant-conversion -Wno-int-conversion -Wno-bool-conversion -Wno-enum-conversion -Wno-shorten-64-to-32 -Wno-newline-eof -Wno-c++11-extensions -DCMAKE_INTDIR=\"Debug\" -isysroot /Applications/Xcode.app/Contents/Developer/Platforms/MacOSX.platform/Developer/SDKs/MacOSX10.10.sdk -fasm-blocks -fstrict-aliasing -Wdeprecated-declarations -Winvalid-offsetof -mmacosx-version-min=10.10 -Wno-sign-conversion -I/Users/sunardi/Term8/Computational\ Fabrication/PA/A1/CMakeFiles/CMakeTmp/Debug/include -I/Applications/Xcode.app/Contents/Developer/Toolchains/XcodeDefault.xctoolchain/usr/include -I/Users/sunardi/Term8/Computational\ Fabrication/PA/A1/CMakeFiles/CMakeTmp/CMAKE_TRY_COMPILE.build/Debug/cmTryCompileExec542299364.build/DerivedSources/x86_64 -I/Users/sunardi/Term8/Computational\ Fabrication/PA/A1/CMakeFiles/CMakeTmp/CMAKE_TRY_COMPILE.build/Debug/cmTryCompileExec542299364.build/DerivedSources -Wmost -Wno-four-char-constants -Wno-unknown-pragmas -F/Users/sunardi/Term8/Computational\ Fabrication/PA/A1/CMakeFiles/CMakeTmp/Debug -g -MMD -MT dependencies -MF /Users/sunardi/Term8/Computational\ Fabrication/PA/A1/CMakeFiles/CMakeTmp/CMAKE_TRY_COMPILE.build/Debug/cmTryCompileExec542299364.build/Objects-normal/x86_64/testCXXCompiler.d --serialize-diagnostics /Users/sunardi/Term8/Computational\ Fabrication/PA/A1/CMakeFiles/CMakeTmp/CMAKE_TRY_COMPILE.build/Debug/cmTryCompileExec542299364.build/Objects-normal/x86_64/testCXXCompiler.dia -c /Users/sunardi/Dropbox/SUTD\ Class/Term\ 8/Computational\ Fabrication/PA/A1/CMakeFiles/CMakeTmp/testCXXCompiler.cxx -o /Users/sunardi/Term8/Computational\ Fabrication/PA/A1/CMakeFiles/CMakeTmp/CMAKE_TRY_COMPILE.build/Debug/cmTryCompileExec542299364.build/Objects-normal/x86_64/testCXXCompiler.o

Ld /Users/sunardi/Term8/Computational\ Fabrication/PA/A1/CMakeFiles/CMakeTmp/Debug/cmTryCompileExec542299364 normal x86_64
    cd "/Users/sunardi/Dropbox/SUTD Class/Term 8/Computational Fabrication/PA/A1/CMakeFiles/CMakeTmp"
    export MACOSX_DEPLOYMENT_TARGET=10.10
    /Applications/Xcode.app/Contents/Developer/Toolchains/XcodeDefault.xctoolchain/usr/bin/clang++ -arch x86_64 -isysroot /Applications/Xcode.app/Contents/Developer/Platforms/MacOSX.platform/Developer/SDKs/MacOSX10.10.sdk -L/Users/sunardi/Term8/Computational\ Fabrication/PA/A1/CMakeFiles/CMakeTmp/Debug -F/Users/sunardi/Term8/Computational\ Fabrication/PA/A1/CMakeFiles/CMakeTmp/Debug -filelist /Users/sunardi/Term8/Computational\ Fabrication/PA/A1/CMakeFiles/CMakeTmp/CMAKE_TRY_COMPILE.build/Debug/cmTryCompileExec542299364.build/Objects-normal/x86_64/cmTryCompileExec542299364.LinkFileList -mmacosx-version-min=10.10 -Wl,-search_paths_first -Wl,-headerpad_max_install_names -Xlinker -dependency_info -Xlinker /Users/sunardi/Term8/Computational\ Fabrication/PA/A1/CMakeFiles/CMakeTmp/CMAKE_TRY_COMPILE.build/Debug/cmTryCompileExec542299364.build/Objects-normal/x86_64/cmTryCompileExec542299364_dependency_info.dat -o /Users/sunardi/Term8/Computational\ Fabrication/PA/A1/CMakeFiles/CMakeTmp/Debug/cmTryCompileExec542299364

** BUILD SUCCEEDED **



